#-----------------------------------------------------------
# Vivado v2021.2 (64-bit)
# SW Build 3367213 on Tue Oct 19 02:47:39 MDT 2021
# IP Build 3369179 on Thu Oct 21 08:25:16 MDT 2021
# Start of session at: Fri Dec 15 21:53:36 2023
# Process ID: 13284
# Current directory: /home/idris/projects/FPGA_VISION/NN_SHIFT/hardware
# Command line: vivado
# Log file: /home/idris/projects/FPGA_VISION/NN_SHIFT/hardware/vivado.log
# Journal file: /home/idris/projects/FPGA_VISION/NN_SHIFT/hardware/vivado.jou
# Running On: idris-HP-EliteBook-840-G3, OS: Linux, CPU Frequency: 2722.128 MHz, CPU Physical cores: 2, Host memory: 16640 MB
#-----------------------------------------------------------
start_gui
open_project /home/idris/projects/FPGA_VISION/NN_SHIFT/hardware/RAM_NN/RAM_NN.xpr
WARNING: [Board 49-26] cannot add Board Part avnet.com:zuboard_1cg:part0:1.0 available at /home/idris/opt/Xilinx/Vivado/2021.2/data/boards/board_files/zub1cg/1.0/board.xml as part xczu1cg-sbva484-1-e specified in board_part file is either invalid or not available
WARNING: [Board 49-26] cannot add Board Part avnet.com:zuboard_1cg:part0:1.1 available at /home/idris/opt/Xilinx/Vivado/2021.2/data/boards/board_files/zub1cg/1.1/board.xml as part xczu1cg-sbva484-1-e specified in board_part file is either invalid or not available
WARNING: [Board 49-26] cannot add Board Part xilinx.com:vck190_es:part0:1.3 available at /home/idris/opt/Xilinx/Vivado/2021.2/data/xhub/boards/XilinxBoardStore/boards/Xilinx/vck190/es/1.3/board.xml as part xcvc1902-vsva2197-2mp-e-s-es1 specified in board_part file is either invalid or not available
WARNING: [Board 49-26] cannot add Board Part xilinx.com:vmk180_es:part0:1.3 available at /home/idris/opt/Xilinx/Vivado/2021.2/data/xhub/boards/XilinxBoardStore/boards/Xilinx/vmk180/es/1.3/board.xml as part xcvm1802-vsva2197-2mp-e-s-es1 specified in board_part file is either invalid or not available
WARNING: [Board 49-26] cannot add Board Part xilinx.com:vpk120_es:part0:1.2 available at /home/idris/opt/Xilinx/Vivado/2021.2/data/xhub/boards/XilinxBoardStore/boards/Xilinx/vpk120/es/1.2/board.xml as part xcvp1202-vsva2785-2mp-e-s-es1 specified in board_part file is either invalid or not available
WARNING: [Board 49-26] cannot add Board Part xilinx.com:zcu208_es:part0:1.0 available at /home/idris/opt/Xilinx/Vivado/2021.2/data/xhub/boards/XilinxBoardStore/boards/Xilinx/zcu208/es/1.0/board.xml as part xczu48dr-fsvg1517-2-e-es1 specified in board_part file is either invalid or not available
WARNING: [Board 49-26] cannot add Board Part xilinx.com:zcu208_es:part0:1.1 available at /home/idris/opt/Xilinx/Vivado/2021.2/data/xhub/boards/XilinxBoardStore/boards/Xilinx/zcu208/es/1.1/board.xml as part xczu48dr-fsvg1517-2-e-es1 specified in board_part file is either invalid or not available
WARNING: [Board 49-26] cannot add Board Part xilinx.com:zcu208_es:part0:1.2 available at /home/idris/opt/Xilinx/Vivado/2021.2/data/xhub/boards/XilinxBoardStore/boards/Xilinx/zcu208/es/1.2/board.xml as part xczu48dr-fsvg1517-2-e-es1 specified in board_part file is either invalid or not available
WARNING: [Board 49-26] cannot add Board Part xilinx.com:zcu208ld:part0:2.0 available at /home/idris/opt/Xilinx/Vivado/2021.2/data/xhub/boards/XilinxBoardStore/boards/Xilinx/zcu208ld/production/2.0/board.xml as part xczu58dr-fsvg1517-2-i specified in board_part file is either invalid or not available
WARNING: [Board 49-26] cannot add Board Part xilinx.com:zcu208ld_es:part0:1.0 available at /home/idris/opt/Xilinx/Vivado/2021.2/data/xhub/boards/XilinxBoardStore/boards/Xilinx/zcu208ld/es/1.0/board.xml as part xczu58dr-fsvg1517-2-i-es1 specified in board_part file is either invalid or not available
WARNING: [Board 49-26] cannot add Board Part xilinx.com:zcu216_es:part0:1.0 available at /home/idris/opt/Xilinx/Vivado/2021.2/data/xhub/boards/XilinxBoardStore/boards/Xilinx/zcu216/es/1.0/board.xml as part xczu49dr-ffvf1760-2-e-es1 specified in board_part file is either invalid or not available
WARNING: [Board 49-26] cannot add Board Part xilinx.com:zcu216_es:part0:1.1 available at /home/idris/opt/Xilinx/Vivado/2021.2/data/xhub/boards/XilinxBoardStore/boards/Xilinx/zcu216/es/1.1/board.xml as part xczu49dr-ffvf1760-2-e-es1 specified in board_part file is either invalid or not available
WARNING: [Board 49-26] cannot add Board Part xilinx.com:zcu216_es:part0:1.2 available at /home/idris/opt/Xilinx/Vivado/2021.2/data/xhub/boards/XilinxBoardStore/boards/Xilinx/zcu216/es/1.2/board.xml as part xczu49dr-ffvf1760-2-e-es1 specified in board_part file is either invalid or not available
WARNING: [Board 49-26] cannot add Board Part xilinx.com:zcu216ld:part0:2.0 available at /home/idris/opt/Xilinx/Vivado/2021.2/data/xhub/boards/XilinxBoardStore/boards/Xilinx/zcu216ld/production/2.0/board.xml as part xczu59dr-ffvf1760-2-i specified in board_part file is either invalid or not available
WARNING: [Board 49-26] cannot add Board Part xilinx.com:zcu216ld_es:part0:1.0 available at /home/idris/opt/Xilinx/Vivado/2021.2/data/xhub/boards/XilinxBoardStore/boards/Xilinx/zcu216ld/es/1.0/board.xml as part xczu59dr-ffvf1760-2-i-es1 specified in board_part file is either invalid or not available
WARNING: [Board 49-26] cannot add Board Part xilinx.com:zcu670:part0:1.0 available at /home/idris/opt/Xilinx/Vivado/2021.2/data/xhub/boards/XilinxBoardStore/boards/Xilinx/zcu670/1.0/board.xml as part xczu67dr-fsve1156-2-i specified in board_part file is either invalid or not available
INFO: [filemgmt 56-3] Default IP Output Path : Could not find the directory '/home/idris/projects/FPGA_VISION/NN_SHIFT/hardware/RAM_NN/RAM_NN.gen/sources_1'.
Scanning sources...
Finished scanning sources
INFO: [IP_Flow 19-234] Refreshing IP repositories
INFO: [IP_Flow 19-1704] No user IP repositories specified
INFO: [IP_Flow 19-2313] Loaded Vivado IP repository '/home/idris/opt/Xilinx/Vivado/2021.2/data/ip'.
open_project: Time (s): cpu = 00:00:54 ; elapsed = 00:00:43 . Memory (MB): peak = 7743.609 ; gain = 76.047 ; free physical = 288 ; free virtual = 8481
update_compile_order -fileset sources_1
create_bd_design "ram_nn_system"
Wrote  : </home/idris/projects/FPGA_VISION/NN_SHIFT/hardware/RAM_NN/RAM_NN.srcs/sources_1/bd/ram_nn_system/ram_nn_system.bd> 
INFO: [BD 41-2613] The output directory /home/idris/projects/FPGA_VISION/NN_SHIFT/hardware/RAM_NN/RAM_NN.gen/sources_1/bd/ram_nn_system for ram_nn_system cannot be found.
create_bd_design: Time (s): cpu = 00:00:23 ; elapsed = 00:00:17 . Memory (MB): peak = 7765.273 ; gain = 3.617 ; free physical = 849 ; free virtual = 8906
